<?xml version="1.0" encoding="UTF-8"?>
<testng-results skipped="0" failed="0" ignored="3" total="4" passed="1">
  <reporter-output>
  </reporter-output>
  <suite name="Default suite" duration-ms="4907" started-at="2022-11-29T12:52:43 IST" finished-at="2022-11-29T12:52:48 IST">
    <groups>
    </groups>
    <test name="Default test" duration-ms="4907" started-at="2022-11-29T12:52:43 IST" finished-at="2022-11-29T12:52:48 IST">
      <class name="com.methods.JiraAPI">
        <test-method status="PASS" signature="deleteComment()[pri:0, instance:com.methods.JiraAPI@86be70a]" name="deleteComment" duration-ms="4852" started-at="2022-11-29T12:52:43 IST" finished-at="2022-11-29T12:52:48 IST">
          <reporter-output>
          </reporter-output>
        </test-method> <!-- deleteComment -->
      </class> <!-- com.methods.JiraAPI -->
    </test> <!-- Default test -->
  </suite> <!-- Default suite -->
</testng-results>
