<?xml version="1.0" encoding="UTF-8"?>
<!-- Generated by org.testng.reporters.JUnitXMLReporter -->
<testsuite hostname="DESKTOP-TFIDE30" ignored="3" name="Default test" tests="1" failures="0" timestamp="2022-11-29T12:52:48 IST" time="4.907" errors="0">
  <testcase name="deleteComment" time="4.852" classname="com.methods.JiraAPI"/>
  <testcase name="getComments" time="0.0" classname="com.methods.JiraAPI">
    <ignored/>
  </testcase> <!-- getComments -->
  <testcase name="addComments" time="0.0" classname="com.methods.JiraAPI">
    <ignored/>
  </testcase> <!-- addComments -->
  <testcase name="updateComment" time="0.0" classname="com.methods.JiraAPI">
    <ignored/>
  </testcase> <!-- updateComment -->
</testsuite> <!-- Default test -->
